<?xml version="1.0" encoding="UTF-8"?>
<!-- Generated by org.testng.reporters.JUnitReportReporter -->
<testsuite hostname="Balaji" failures="0" tests="3" name="com.johndeere.test.LoginTest" time="111.282" errors="0" timestamp="2022-11-10T14:42:49 IST" skipped="0">
  <testcase classname="com.johndeere.test.LoginTest" name="invalidLoginTest" time="29.263"/>
  <system-out/>
  <testcase classname="com.johndeere.test.LoginTest" name="invalidLoginTest" time="17.942"/>
  <system-out/>
  <testcase classname="com.johndeere.test.LoginTest" name="invalidLoginTest" time="64.077"/>
  <system-out/>
</testsuite> <!-- com.johndeere.test.LoginTest -->
