<?xml version="1.0" encoding="UTF-8"?>
<!-- Generated by org.testng.reporters.JUnitReportReporter -->
<testsuite hostname="Balaji" failures="0" tests="1" name="com.johndeere.test.LoginUITest" time="26.785" errors="0" timestamp="2022-11-10T14:38:00 IST" skipped="0">
  <testcase classname="com.johndeere.test.LoginUITest" name="validateTitleTest" time="26.785"/>
  <system-out/>
</testsuite> <!-- com.johndeere.test.LoginUITest -->
