<?xml version="1.0" encoding="UTF-8"?>
<!-- Generated by org.testng.reporters.JUnitReportReporter -->
<testsuite hostname="Balaji" failures="0" tests="2" name="com.johndeere.test.LoginTest" time="169.457" errors="0" timestamp="2022-11-11T17:06:07 IST" skipped="0">
  <testcase classname="com.johndeere.test.LoginTest" name="validLoginTest" time="148.001"/>
  <system-out/>
  <testcase classname="com.johndeere.test.LoginTest" name="validLoginTest" time="21.456"/>
  <system-out/>
</testsuite> <!-- com.johndeere.test.LoginTest -->
