<?xml version="1.0" encoding="UTF-8"?>
<!-- Generated by org.testng.reporters.JUnitReportReporter -->
<testsuite hostname="Balaji" failures="0" tests="3" name="com.johndeere.test.DemoTest" time="8.564" errors="0" timestamp="2022-11-10T11:00:16 IST" skipped="0">
  <testcase classname="com.johndeere.test.DemoTest" name="invalidTest" time="0.955"/>
  <system-out/>
  <testcase classname="com.johndeere.test.DemoTest" name="invalidTest" time="4.070"/>
  <system-out/>
  <testcase classname="com.johndeere.test.DemoTest" name="invalidTest" time="3.539"/>
  <system-out/>
</testsuite> <!-- com.johndeere.test.DemoTest -->
